  vector.cpp
F:\VS\a5.5\vector.cpp(177,12): error C2248: “Vector<int,Allocator<T>>::iterator::_ptr”: 无法访问 private 成员(在“Vector<int,Allocator<T>>::iterator”类中声明)
          with
          [
              T=int
          ]
F:\VS\a5.5\vector.cpp(146): message : 参见“Vector<int,Allocator<T>>::iterator::_ptr”的声明
          with
          [
              T=int
          ]
F:\VS\a5.5\vector.cpp(114): message : 参见“Vector<int,Allocator<T>>::iterator”的声明
          with
          [
              T=int
          ]
F:\VS\a5.5\vector.cpp(175): message : 在编译 类 模板 成员函数“Vector<int,Allocator<T>>::iterator Vector<T,Allocator<T>>::insert(Vector<T,Allocator<T>>::iterator,T &)”时
          with
          [
              T=int
          ]
F:\VS\a5.5\vector.cpp(251): message : 查看对正在编译的函数 模板 实例化“Vector<int,Allocator<T>>::iterator Vector<T,Allocator<T>>::insert(Vector<T,Allocator<T>>::iterator,T &)”的引用
          with
          [
              T=int
          ]
F:\VS\a5.5\vector.cpp(242): message : 查看对正在编译的 类 模板 实例化“Vector<int,Allocator<T>>”的引用
          with
          [
              T=int
          ]
F:\VS\a5.5\vector.cpp(179,16): error C2248: “Vector<int,Allocator<T>>::iterator::_ptr”: 无法访问 private 成员(在“Vector<int,Allocator<T>>::iterator”类中声明)
          with
          [
              T=int
          ]
F:\VS\a5.5\vector.cpp(146): message : 参见“Vector<int,Allocator<T>>::iterator::_ptr”的声明
          with
          [
              T=int
          ]
F:\VS\a5.5\vector.cpp(114): message : 参见“Vector<int,Allocator<T>>::iterator”的声明
          with
          [
              T=int
          ]
